[LOG] System::create                           : Header version = 1.10.05. Current version = 1.10.05.
[LOG] Manager::init                            : maxchannels = 256 studioflags = 00000006 flags 00000000 extradriverdata 0000000000000000.
[LOG] SystemI::init                            : Initialize version=11005 (94661), maxchannels=256, flags=0x00020000
[LOG] SystemI::setOutputInternal               : Setting output to 'FMOD WASAPI Output'
[WRN] SystemI::init                            : No output sound devices found - switching output mode to FMOD_OUTPUTTYPE_NOSOUND
[LOG] SystemI::setOutputInternal               : Setting output to 'FMOD NoSound Output'
[LOG] OutputNoSound::init                      : Initializing.
[LOG] OutputNoSound::init                      : Done.
[LOG] Thread::initThread                       : Init FMOD stream thread. Priority: 2, Stack Size: 65536, Semaphore: No, Sleep Time: 10, Looping: Yes.
[LOG] Thread::initThread                       : Init FMOD mixer thread. Priority: 3, Stack Size: 49152, Semaphore: No, Sleep Time: 7, Looping: Yes.
[LOG] AsyncManager::init                       : manager 000000005EE2F568 isAsync 0 updatePeriod 0.02
[LOG] AsyncManager::init                       : done
[LOG] PlaybackSystem::init                     : 
[LOG] Thread::initThread                       : Init FMOD Studio sample load thread. Priority: 0, Stack Size: 65536, Semaphore: No, Sleep Time: 1, Looping: No.
[LOG] PlaybackSystem::init                     : done
[LOG] Thread::initThread                       : Init FMOD Studio bank load thread. Priority: 0, Stack Size: 65536, Semaphore: No, Sleep Time: 1, Looping: No.
[LOG] Manager::init                            : done.
[LOG] Manager::readBank                        : fileversion = 100, compatVersion = 99 (oldest = 44, newest = 100)
[LOG] SystemI::createSoundInternal             : Create name='', mode=0x02000202
[LOG] SystemI::createSoundInternal             : exinfo->cbsize             = 232
[LOG] SystemI::createSoundInternal             : exinfo->length             = 1652096
[LOG] SystemI::createSoundInternal             : exinfo->fileoffset         = 48640
[LOG] SystemI::createSoundInternal             : exinfo->numsubsounds       = 1
[LOG] SystemI::createSoundInternal             : exinfo->inclusionlist      = 000000003E8AF5FC
[LOG] SystemI::createSoundInternal             : exinfo->inclusionlistnum   = 1
[LOG] SystemI::createSoundInternal             : exinfo->suggestedsoundtype = 5
[LOG] SystemI::createSoundInternal             : exinfo->useropen           = 00007FFB4ECCE4B0
[LOG] SystemI::createSoundInternal             : exinfo->userclose          = 00007FFB4ECCE480
[LOG] SystemI::createSoundInternal             : exinfo->userread           = 00007FFB4ECCE580
[LOG] SystemI::createSoundInternal             : exinfo->userseek           = 00007FFB4ECCE640
[LOG] SystemI::createSoundInternal             : exinfo->fileuserdata       = 000000005F617AE8
[LOG] SystemI::createSoundInternal             : exinfo->initialseekpostype = 1
[LOG] SystemI::DSPCodecPoolRegister            : register codec pool for pool type 5
[LOG] SystemI::createSoundInternal             : Sample 0/1: name='SFX_Boombox_2', format=2, channels=2, frequency=48000, lengthbytes=576, lengthpcm=1752, pcmblocksize=0, loopstart=0, loopend=0, mode=0x00000000, channelmask=0x00000000, channelorder=0, peakvolume=0.999969.
[LOG] SystemI::createSoundInternal             : Create name='', mode=0x02000202
[LOG] SystemI::createSoundInternal             : exinfo->cbsize             = 232
[LOG] SystemI::createSoundInternal             : exinfo->length             = 1652096
[LOG] SystemI::createSoundInternal             : exinfo->fileoffset         = 48640
[LOG] SystemI::createSoundInternal             : exinfo->numsubsounds       = 1
[LOG] SystemI::createSoundInternal             : exinfo->inclusionlist      = 000000003E8AF5FC
[LOG] SystemI::createSoundInternal             : exinfo->inclusionlistnum   = 1
[LOG] SystemI::createSoundInternal             : exinfo->suggestedsoundtype = 5
[LOG] SystemI::createSoundInternal             : exinfo->useropen           = 00007FFB4ECCE4B0
[LOG] SystemI::createSoundInternal             : exinfo->userclose          = 00007FFB4ECCE480
[LOG] SystemI::createSoundInternal             : exinfo->userread           = 00007FFB4ECCE580
[LOG] SystemI::createSoundInternal             : exinfo->userseek           = 00007FFB4ECCE640
[LOG] SystemI::createSoundInternal             : exinfo->fileuserdata       = 000000005F617AE8
[LOG] SystemI::createSoundInternal             : exinfo->initialseekpostype = 1
[LOG] SystemI::DSPCodecPoolRegister            : register codec pool for pool type 5
[LOG] SystemI::createSoundInternal             : Sample 0/1: name='SFX_Boombox_1', format=2, channels=2, frequency=48000, lengthbytes=576, lengthpcm=1752, pcmblocksize=0, loopstart=0, loopend=0, mode=0x00000000, channelmask=0x00000000, channelorder=0, peakvolume=0.999969.
[LOG] SystemI::createSoundInternal             : Create name='', mode=0x02000202
[LOG] SystemI::createSoundInternal             : exinfo->cbsize             = 232
[LOG] SystemI::createSoundInternal             : exinfo->length             = 1652096
[LOG] SystemI::createSoundInternal             : exinfo->fileoffset         = 48640
[LOG] SystemI::createSoundInternal             : exinfo->numsubsounds       = 1
[LOG] SystemI::createSoundInternal             : exinfo->inclusionlist      = 000000003E8AF5FC
[LOG] SystemI::createSoundInternal             : exinfo->inclusionlistnum   = 1
[LOG] SystemI::createSoundInternal             : exinfo->suggestedsoundtype = 5
[LOG] SystemI::createSoundInternal             : exinfo->useropen           = 00007FFB4ECCE4B0
[LOG] SystemI::createSoundInternal             : exinfo->userclose          = 00007FFB4ECCE480
[LOG] SystemI::createSoundInternal             : exinfo->userread           = 00007FFB4ECCE580
[LOG] SystemI::createSoundInternal             : exinfo->userseek           = 00007FFB4ECCE640
[LOG] SystemI::createSoundInternal             : exinfo->fileuserdata       = 000000005F617AE8
[LOG] SystemI::createSoundInternal             : exinfo->initialseekpostype = 1
[LOG] SystemI::DSPCodecPoolRegister            : register codec pool for pool type 5
[LOG] SystemI::createSoundInternal             : Sample 0/1: name='SFX_Boombox_3', format=2, channels=2, frequency=48000, lengthbytes=576, lengthpcm=1752, pcmblocksize=0, loopstart=0, loopend=0, mode=0x00000000, channelmask=0x00000000, channelorder=0, peakvolume=0.999969.
[LOG] Manager::readBank                        : fileversion = 100, compatVersion = 99 (oldest = 44, newest = 100)
[LOG] Manager::readBank                        : fileversion = 100, compatVersion = 99 (oldest = 44, newest = 100)
[LOG] SystemI::createSoundInternal             : Create name='', mode=0x02000202
[LOG] SystemI::createSoundInternal             : exinfo->cbsize             = 232
[LOG] SystemI::createSoundInternal             : exinfo->length             = 1652096
[LOG] SystemI::createSoundInternal             : exinfo->fileoffset         = 48640
[LOG] SystemI::createSoundInternal             : exinfo->numsubsounds       = 1
[LOG] SystemI::createSoundInternal             : exinfo->inclusionlist      = 000000003E8AF5FC
[LOG] SystemI::createSoundInternal             : exinfo->inclusionlistnum   = 1
[LOG] SystemI::createSoundInternal             : exinfo->suggestedsoundtype = 5
[LOG] SystemI::createSoundInternal             : exinfo->useropen           = 00007FFB4ECCE4B0
[LOG] SystemI::createSoundInternal             : exinfo->userclose          = 00007FFB4ECCE480
[LOG] SystemI::createSoundInternal             : exinfo->userread           = 00007FFB4ECCE580
[LOG] SystemI::createSoundInternal             : exinfo->userseek           = 00007FFB4ECCE640
[LOG] SystemI::createSoundInternal             : exinfo->fileuserdata       = 000000005F620728
[LOG] SystemI::createSoundInternal             : exinfo->initialseekpostype = 1
[LOG] SystemI::DSPCodecPoolRegister            : register codec pool for pool type 5
[LOG] SystemI::createSoundInternal             : Sample 0/1: name='SFX_Normalbox_3', format=2, channels=1, frequency=48000, lengthbytes=1856, lengthpcm=8731, pcmblocksize=0, loopstart=0, loopend=0, mode=0x00000000, channelmask=0x00000000, channelorder=0, peakvolume=0.793243.
[LOG] SystemI::createSoundInternal             : Create name='', mode=0x02000202
[LOG] SystemI::createSoundInternal             : exinfo->cbsize             = 232
[LOG] SystemI::createSoundInternal             : exinfo->length             = 1652096
[LOG] SystemI::createSoundInternal             : exinfo->fileoffset         = 48640
[LOG] SystemI::createSoundInternal             : exinfo->numsubsounds       = 1
[LOG] SystemI::createSoundInternal             : exinfo->inclusionlist      = 000000003E8AF5FC
[LOG] SystemI::createSoundInternal             : exinfo->inclusionlistnum   = 1
[LOG] SystemI::createSoundInternal             : exinfo->suggestedsoundtype = 5
[LOG] SystemI::createSoundInternal             : exinfo->useropen           = 00007FFB4ECCE4B0
[LOG] SystemI::createSoundInternal             : exinfo->userclose          = 00007FFB4ECCE480
[LOG] SystemI::createSoundInternal             : exinfo->userread           = 00007FFB4ECCE580
[LOG] SystemI::createSoundInternal             : exinfo->userseek           = 00007FFB4ECCE640
[LOG] SystemI::createSoundInternal             : exinfo->fileuserdata       = 000000005F620728
[LOG] SystemI::createSoundInternal             : exinfo->initialseekpostype = 1
[LOG] SystemI::DSPCodecPoolRegister            : register codec pool for pool type 5
[LOG] SystemI::createSoundInternal             : Sample 0/1: name='SFX_Normalbox_1', format=2, channels=1, frequency=48000, lengthbytes=2272, lengthpcm=12678, pcmblocksize=0, loopstart=0, loopend=0, mode=0x00000000, channelmask=0x00000000, channelorder=0, peakvolume=0.992188.
[LOG] SystemI::createSoundInternal             : Create name='', mode=0x02000202
[LOG] SystemI::createSoundInternal             : exinfo->cbsize             = 232
[LOG] SystemI::createSoundInternal             : exinfo->length             = 1652096
[LOG] SystemI::createSoundInternal             : exinfo->fileoffset         = 48640
[LOG] SystemI::createSoundInternal             : exinfo->numsubsounds       = 1
[LOG] SystemI::createSoundInternal             : exinfo->inclusionlist      = 000000003E8AF5FC
[LOG] SystemI::createSoundInternal             : exinfo->inclusionlistnum   = 1
[LOG] SystemI::createSoundInternal             : exinfo->suggestedsoundtype = 5
[LOG] SystemI::createSoundInternal             : exinfo->useropen           = 00007FFB4ECCE4B0
[LOG] SystemI::createSoundInternal             : exinfo->userclose          = 00007FFB4ECCE480
[LOG] SystemI::createSoundInternal             : exinfo->userread           = 00007FFB4ECCE580
[LOG] SystemI::createSoundInternal             : exinfo->userseek           = 00007FFB4ECCE640
[LOG] SystemI::createSoundInternal             : exinfo->fileuserdata       = 000000005F620728
[LOG] SystemI::createSoundInternal             : exinfo->initialseekpostype = 1
[LOG] SystemI::DSPCodecPoolRegister            : register codec pool for pool type 5
[LOG] SystemI::createSoundInternal             : Sample 0/1: name='SFX_Normalbox_2', format=2, channels=1, frequency=48000, lengthbytes=2336, lengthpcm=11241, pcmblocksize=0, loopstart=0, loopend=0, mode=0x00000000, channelmask=0x00000000, channelorder=0, peakvolume=0.996704.
[LOG] Manager::readBank                        : fileversion = 100, compatVersion = 99 (oldest = 44, newest = 100)
[LOG] Manager::readBank                        : fileversion = 100, compatVersion = 99 (oldest = 44, newest = 100)
[LOG] Manager::readBank                        : fileversion = 100, compatVersion = 99 (oldest = 44, newest = 100)
[LOG] PlaybackSystem::acquireMasterBus         : Setting master channel group format to 6
[LOG] SystemI::createSoundInternal             : Create name='', mode=0x02000202
[LOG] SystemI::createSoundInternal             : exinfo->cbsize             = 232
[LOG] SystemI::createSoundInternal             : exinfo->length             = 1652096
[LOG] SystemI::createSoundInternal             : exinfo->fileoffset         = 48640
[LOG] SystemI::createSoundInternal             : exinfo->numsubsounds       = 1
[LOG] SystemI::createSoundInternal             : exinfo->inclusionlist      = 000000003E8AF5FC
[LOG] SystemI::createSoundInternal             : exinfo->inclusionlistnum   = 1
[LOG] SystemI::createSoundInternal             : exinfo->suggestedsoundtype = 5
[LOG] SystemI::createSoundInternal             : exinfo->useropen           = 00007FFB4ECCE4B0
[LOG] SystemI::createSoundInternal             : exinfo->userclose          = 00007FFB4ECCE480
[LOG] SystemI::createSoundInternal             : exinfo->userread           = 00007FFB4ECCE580
[LOG] SystemI::createSoundInternal             : exinfo->userseek           = 00007FFB4ECCE640
[LOG] SystemI::createSoundInternal             : exinfo->fileuserdata       = 000000005F61E528
[LOG] SystemI::createSoundInternal             : exinfo->initialseekpostype = 1
[LOG] SystemI::DSPCodecPoolRegister            : register codec pool for pool type 5
[LOG] SystemI::createSoundInternal             : Sample 0/1: name='SFX_LifeDown', format=2, channels=2, frequency=48000, lengthbytes=1088, lengthpcm=2831, pcmblocksize=0, loopstart=0, loopend=0, mode=0x00000000, channelmask=0x00000000, channelorder=0, peakvolume=0.869141.
[LOG] SoundI::release                          :  (0000000095313B98)
[LOG] SoundI::release                          :     SFX_Normalbox_2 (0000000013CFC218)
[LOG] SoundI::release                          :  (0000000095314888)
[LOG] SoundI::release                          :     SFX_Normalbox_3 (0000000049BB34E8)
[LOG] SoundI::release                          :  (0000000095315408)
[LOG] SoundI::release                          :     SFX_Normalbox_1 (0000000013CFB9F8)
[LOG] SoundI::release                          :  (0000000095314B68)
[LOG] SoundI::release                          :     SFX_LifeDown (000000001660AA88)
[LOG] SoundI::release                          :  (00000000195BF8D8)
[LOG] SoundI::release                          :     SFX_Boombox_3 (0000000049CF6F28)
[LOG] SoundI::release                          :  (00000000195BF5F8)
[LOG] SoundI::release                          :     SFX_Boombox_1 (0000000049CF6D88)
[LOG] SoundI::release                          :  (00000000195BF768)
[LOG] SoundI::release                          :     SFX_Boombox_2 (0000000049CF7748)
[LOG] Thread::callback                         : FMOD Studio update thread finished.
[LOG] Thread::callback                         : FMOD Studio bank load thread finished.
[LOG] Profile::disconnectAll                   : Profiler disconnecting all clients
[LOG] Thread::callback                         : FMOD Studio sample load thread finished.
[LOG] LiveUpdate::release                      : 
[LOG] LiveUpdate::reset                        : Reset connection (reason Disconnected)
[LOG] Thread::callback                         : FMOD stream thread finished.
[LOG] Thread::callback                         : FMOD mixer thread finished.
[LOG] Profile::disconnectAll                   : Profiler disconnecting all clients
[LOG] SystemI::close                           : Closed.
